# JRE version: OpenJDK Runtime Environment (8.0_242-b01) (build 1.8.0_242-release-1644-b01)
# Java VM: OpenJDK 64-Bit Server VM (25.242-b01 mixed mode windows-amd64 compressed oops)
Heap:
 PSYoungGen      total 422400K, used 119615K [0x00000000d5580000, 0x00000000f1800000, 0x0000000100000000)
  eden space 396800K, 23% used [0x00000000d5580000,0x00000000db1535a8,0x00000000ed900000)
  from space 25600K, 99% used [0x00000000eff00000,0x00000000f17fc930,0x00000000f1800000)
  to   space 30208K, 0% used [0x00000000edd00000,0x00000000edd00000,0x00000000efa80000)
 ParOldGen       total 133632K, used 34308K [0x0000000080000000, 0x0000000088280000, 0x00000000d5580000)
  object space 133632K, 25% used [0x0000000080000000,0x0000000082181038,0x0000000088280000)
 Metaspace       used 69114K, capacity 71922K, committed 72216K, reserved 1112064K
  class space    used 9416K, capacity 9960K, committed 10032K, reserved 1048576K
GC Heap History (10 events):
Event: 6.397 GC heap before
{Heap before GC invocations=9 (full 2):
 PSYoungGen      total 263168K, used 9562K [0x00000000d5580000, 0x00000000eb500000, 0x0000000100000000)
  eden space 247808K, 0% used [0x00000000d5580000,0x00000000d5580000,0x00000000e4780000)
  from space 15360K, 62% used [0x00000000e4780000,0x00000000e50d6a80,0x00000000e5680000)
  to   space 14848K, 0% used [0x00000000ea680000,0x00000000ea680000,0x00000000eb500000)
 ParOldGen       total 62464K, used 13335K [0x0000000080000000, 0x0000000083d00000, 0x00000000d5580000)
  object space 62464K, 21% used [0x0000000080000000,0x0000000080d05d00,0x0000000083d00000)
 Metaspace       used 34456K, capacity 35370K, committed 35496K, reserved 1079296K
  class space    used 4724K, capacity 4966K, committed 5040K, reserved 1048576K
Event: 6.495 GC heap after
Heap after GC invocations=9 (full 2):
 PSYoungGen      total 263168K, used 0K [0x00000000d5580000, 0x00000000eb500000, 0x0000000100000000)
  eden space 247808K, 0% used [0x00000000d5580000,0x00000000d5580000,0x00000000e4780000)
  from space 15360K, 0% used [0x00000000e4780000,0x00000000e4780000,0x00000000e5680000)
  to   space 14848K, 0% used [0x00000000ea680000,0x00000000ea680000,0x00000000eb500000)
 ParOldGen       total 89600K, used 16196K [0x0000000080000000, 0x0000000085780000, 0x00000000d5580000)
  object space 89600K, 18% used [0x0000000080000000,0x0000000080fd11f8,0x0000000085780000)
 Metaspace       used 34456K, capacity 35370K, committed 35496K, reserved 1079296K
  class space    used 4724K, capacity 4966K, committed 5040K, reserved 1048576K
}
Event: 14.561 GC heap before
{Heap before GC invocations=10 (full 2):
 PSYoungGen      total 263168K, used 247808K [0x00000000d5580000, 0x00000000eb500000, 0x0000000100000000)
  eden space 247808K, 100% used [0x00000000d5580000,0x00000000e4780000,0x00000000e4780000)
  from space 15360K, 0% used [0x00000000e4780000,0x00000000e4780000,0x00000000e5680000)
  to   space 14848K, 0% used [0x00000000ea680000,0x00000000ea680000,0x00000000eb500000)
 ParOldGen       total 89600K, used 16196K [0x0000000080000000, 0x0000000085780000, 0x00000000d5580000)
  object space 89600K, 18% used [0x0000000080000000,0x0000000080fd11f8,0x0000000085780000)
 Metaspace       used 54939K, capacity 56912K, committed 57136K, reserved 1097728K
  class space    used 7434K, capacity 7897K, committed 7984K, reserved 1048576K
Event: 14.595 GC heap after
Heap after GC invocations=10 (full 2):
 PSYoungGen      total 335872K, used 14844K [0x00000000d5580000, 0x00000000ed600000, 0x0000000100000000)
  eden space 321024K, 0% used [0x00000000d5580000,0x00000000d5580000,0x00000000e8f00000)
  from space 14848K, 99% used [0x00000000ea680000,0x00000000eb4ff320,0x00000000eb500000)
  to   space 24064K, 0% used [0x00000000e8f00000,0x00000000e8f00000,0x00000000ea680000)
 ParOldGen       total 89600K, used 31789K [0x0000000080000000, 0x0000000085780000, 0x00000000d5580000)
  object space 89600K, 35% used [0x0000000080000000,0x0000000081f0b548,0x0000000085780000)
 Metaspace       used 54939K, capacity 56912K, committed 57136K, reserved 1097728K
  class space    used 7434K, capacity 7897K, committed 7984K, reserved 1048576K
}
Event: 15.210 GC heap before
{Heap before GC invocations=11 (full 2):
 PSYoungGen      total 335872K, used 48174K [0x00000000d5580000, 0x00000000ed600000, 0x0000000100000000)
  eden space 321024K, 10% used [0x00000000d5580000,0x00000000d760c710,0x00000000e8f00000)
  from space 14848K, 99% used [0x00000000ea680000,0x00000000eb4ff320,0x00000000eb500000)
  to   space 24064K, 0% used [0x00000000e8f00000,0x00000000e8f00000,0x00000000ea680000)
 ParOldGen       total 89600K, used 31789K [0x0000000080000000, 0x0000000085780000, 0x00000000d5580000)
  object space 89600K, 35% used [0x0000000080000000,0x0000000081f0b548,0x0000000085780000)
 Metaspace       used 57096K, capacity 59140K, committed 59160K, reserved 1099776K
  class space    used 7729K, capacity 8229K, committed 8240K, reserved 1048576K
Event: 15.233 GC heap after
Heap after GC invocations=11 (full 2):
 PSYoungGen      total 345088K, used 17702K [0x00000000d5580000, 0x00000000f1800000, 0x0000000100000000)
  eden space 321024K, 0% used [0x00000000d5580000,0x00000000d5580000,0x00000000e8f00000)
  from space 24064K, 73% used [0x00000000e8f00000,0x00000000ea049a00,0x00000000ea680000)
  to   space 25600K, 0% used [0x00000000eff00000,0x00000000eff00000,0x00000000f1800000)
 ParOldGen       total 89600K, used 31797K [0x0000000080000000, 0x0000000085780000, 0x00000000d5580000)
  object space 89600K, 35% used [0x0000000080000000,0x0000000081f0d548,0x0000000085780000)
 Metaspace       used 57096K, capacity 59140K, committed 59160K, reserved 1099776K
  class space    used 7729K, capacity 8229K, committed 8240K, reserved 1048576K
}
Event: 15.233 GC heap before
{Heap before GC invocations=12 (full 3):
 PSYoungGen      total 345088K, used 17702K [0x00000000d5580000, 0x00000000f1800000, 0x0000000100000000)
  eden space 321024K, 0% used [0x00000000d5580000,0x00000000d5580000,0x00000000e8f00000)
  from space 24064K, 73% used [0x00000000e8f00000,0x00000000ea049a00,0x00000000ea680000)
  to   space 25600K, 0% used [0x00000000eff00000,0x00000000eff00000,0x00000000f1800000)
 ParOldGen       total 89600K, used 31797K [0x0000000080000000, 0x0000000085780000, 0x00000000d5580000)
  object space 89600K, 35% used [0x0000000080000000,0x0000000081f0d548,0x0000000085780000)
 Metaspace       used 57096K, capacity 59140K, committed 59160K, reserved 1099776K
  class space    used 7729K, capacity 8229K, committed 8240K, reserved 1048576K
Event: 15.516 GC heap after
Heap after GC invocations=12 (full 3):
 PSYoungGen      total 345088K, used 0K [0x00000000d5580000, 0x00000000f1800000, 0x0000000100000000)
  eden space 321024K, 0% used [0x00000000d5580000,0x00000000d5580000,0x00000000e8f00000)
  from space 24064K, 0% used [0x00000000e8f00000,0x00000000e8f00000,0x00000000ea680000)
  to   space 25600K, 0% used [0x00000000eff00000,0x00000000eff00000,0x00000000f1800000)
 ParOldGen       total 133632K, used 31858K [0x0000000080000000, 0x0000000088280000, 0x00000000d5580000)
  object space 133632K, 23% used [0x0000000080000000,0x0000000081f1c970,0x0000000088280000)
 Metaspace       used 57084K, capacity 59098K, committed 59160K, reserved 1099776K
  class space    used 7725K, capacity 8222K, committed 8240K, reserved 1048576K
}
Event: 20.748 GC heap before
{Heap before GC invocations=13 (full 3):
 PSYoungGen      total 345088K, used 321024K [0x00000000d5580000, 0x00000000f1800000, 0x0000000100000000)
  eden space 321024K, 100% used [0x00000000d5580000,0x00000000e8f00000,0x00000000e8f00000)
  from space 24064K, 0% used [0x00000000e8f00000,0x00000000e8f00000,0x00000000ea680000)
  to   space 25600K, 0% used [0x00000000eff00000,0x00000000eff00000,0x00000000f1800000)
 ParOldGen       total 133632K, used 31858K [0x0000000080000000, 0x0000000088280000, 0x00000000d5580000)
  object space 133632K, 23% used [0x0000000080000000,0x0000000081f1c970,0x0000000088280000)
 Metaspace       used 66823K, capacity 69570K, committed 69912K, reserved 1110016K
  class space    used 9096K, capacity 9684K, committed 9776K, reserved 1048576K
Event: 20.783 GC heap after
Heap after GC invocations=13 (full 3):
 PSYoungGen      total 422400K, used 25586K [0x00000000d5580000, 0x00000000f1800000, 0x0000000100000000)
  eden space 396800K, 0% used [0x00000000d5580000,0x00000000d5580000,0x00000000ed900000)
  from space 25600K, 99% used [0x00000000eff00000,0x00000000f17fc930,0x00000000f1800000)
  to   space 30208K, 0% used [0x00000000edd00000,0x00000000edd00000,0x00000000efa80000)
 ParOldGen       total 133632K, used 34308K [0x0000000080000000, 0x0000000088280000, 0x00000000d5580000)
  object space 133632K, 25% used [0x0000000080000000,0x0000000082181038,0x0000000088280000)
 Metaspace       used 66823K, capacity 69570K, committed 69912K, reserved 1110016K
  class space    used 9096K, capacity 9684K, committed 9776K, reserved 1048576K
}

