# JRE version: OpenJDK Runtime Environment (8.0_242-b01) (build 1.8.0_242-release-1644-b01)
# Java VM: OpenJDK 64-Bit Server VM (25.242-b01 mixed mode windows-amd64 compressed oops)
Heap:
 PSYoungGen      total 300032K, used 69558K [0x00000000d5580000, 0x00000000e9980000, 0x0000000100000000)
  eden space 269312K, 25% used [0x00000000d5580000,0x00000000d996da58,0x00000000e5c80000)
  from space 30720K, 0% used [0x00000000e5c80000,0x00000000e5c80000,0x00000000e7a80000)
  to   space 31232K, 0% used [0x00000000e7b00000,0x00000000e7b00000,0x00000000e9980000)
 ParOldGen       total 116224K, used 56543K [0x0000000080000000, 0x0000000087180000, 0x00000000d5580000)
  object space 116224K, 48% used [0x0000000080000000,0x0000000083737f78,0x0000000087180000)
 Metaspace       used 90610K, capacity 94882K, committed 95512K, reserved 1132544K
  class space    used 11868K, capacity 12729K, committed 12848K, reserved 1048576K
GC Heap History (10 events):
Event: 6977.073 GC heap before
{Heap before GC invocations=19 (full 3):
 PSYoungGen      total 259072K, used 257903K [0x00000000d5580000, 0x00000000eaa80000, 0x0000000100000000)
  eden space 237056K, 100% used [0x00000000d5580000,0x00000000e3d00000,0x00000000e3d00000)
  from space 22016K, 94% used [0x00000000e3d00000,0x00000000e515be28,0x00000000e5280000)
  to   space 25088K, 0% used [0x00000000e9200000,0x00000000e9200000,0x00000000eaa80000)
 ParOldGen       total 116224K, used 42283K [0x0000000080000000, 0x0000000087180000, 0x00000000d5580000)
  object space 116224K, 36% used [0x0000000080000000,0x000000008294af78,0x0000000087180000)
 Metaspace       used 81323K, capacity 85014K, committed 85272K, reserved 1122304K
  class space    used 10761K, capacity 11484K, committed 11568K, reserved 1048576K
Event: 6977.931 GC heap after
Heap after GC invocations=19 (full 3):
 PSYoungGen      total 316416K, used 25069K [0x00000000d5580000, 0x00000000eae00000, 0x0000000100000000)
  eden space 291328K, 0% used [0x00000000d5580000,0x00000000d5580000,0x00000000e7200000)
  from space 25088K, 99% used [0x00000000e9200000,0x00000000eaa7b700,0x00000000eaa80000)
  to   space 30720K, 0% used [0x00000000e7200000,0x00000000e7200000,0x00000000e9000000)
 ParOldGen       total 116224K, used 46502K [0x0000000080000000, 0x0000000087180000, 0x00000000d5580000)
  object space 116224K, 40% used [0x0000000080000000,0x0000000082d69868,0x0000000087180000)
 Metaspace       used 81323K, capacity 85014K, committed 85272K, reserved 1122304K
  class space    used 10761K, capacity 11484K, committed 11568K, reserved 1048576K
}
Event: 7341.470 GC heap before
{Heap before GC invocations=20 (full 3):
 PSYoungGen      total 316416K, used 316397K [0x00000000d5580000, 0x00000000eae00000, 0x0000000100000000)
  eden space 291328K, 100% used [0x00000000d5580000,0x00000000e7200000,0x00000000e7200000)
  from space 25088K, 99% used [0x00000000e9200000,0x00000000eaa7b700,0x00000000eaa80000)
  to   space 30720K, 0% used [0x00000000e7200000,0x00000000e7200000,0x00000000e9000000)
 ParOldGen       total 116224K, used 46502K [0x0000000080000000, 0x0000000087180000, 0x00000000d5580000)
  object space 116224K, 40% used [0x0000000080000000,0x0000000082d69868,0x0000000087180000)
 Metaspace       used 84793K, capacity 89086K, committed 89112K, reserved 1126400K
  class space    used 11213K, capacity 12060K, committed 12080K, reserved 1048576K
Event: 7341.528 GC heap after
Heap after GC invocations=20 (full 3):
 PSYoungGen      total 292864K, used 12713K [0x00000000d5580000, 0x00000000e9f00000, 0x0000000100000000)
  eden space 280064K, 0% used [0x00000000d5580000,0x00000000d5580000,0x00000000e6700000)
  from space 12800K, 99% used [0x00000000e7200000,0x00000000e7e6a728,0x00000000e7e80000)
  to   space 28672K, 0% used [0x00000000e8300000,0x00000000e8300000,0x00000000e9f00000)
 ParOldGen       total 116224K, used 62896K [0x0000000080000000, 0x0000000087180000, 0x00000000d5580000)
  object space 116224K, 54% used [0x0000000080000000,0x0000000083d6c2d8,0x0000000087180000)
 Metaspace       used 84793K, capacity 89086K, committed 89112K, reserved 1126400K
  class space    used 11213K, capacity 12060K, committed 12080K, reserved 1048576K
}
Event: 7375.413 GC heap before
{Heap before GC invocations=21 (full 3):
 PSYoungGen      total 292864K, used 292777K [0x00000000d5580000, 0x00000000e9f00000, 0x0000000100000000)
  eden space 280064K, 100% used [0x00000000d5580000,0x00000000e6700000,0x00000000e6700000)
  from space 12800K, 99% used [0x00000000e7200000,0x00000000e7e6a728,0x00000000e7e80000)
  to   space 28672K, 0% used [0x00000000e8300000,0x00000000e8300000,0x00000000e9f00000)
 ParOldGen       total 116224K, used 62896K [0x0000000080000000, 0x0000000087180000, 0x00000000d5580000)
  object space 116224K, 54% used [0x0000000080000000,0x0000000083d6c2d8,0x0000000087180000)
 Metaspace       used 87525K, capacity 91940K, committed 92312K, reserved 1128448K
  class space    used 11494K, capacity 12339K, committed 12464K, reserved 1048576K
Event: 7375.451 GC heap after
Heap after GC invocations=21 (full 3):
 PSYoungGen      total 291328K, used 21380K [0x00000000d5580000, 0x00000000e9880000, 0x0000000100000000)
  eden space 269312K, 0% used [0x00000000d5580000,0x00000000d5580000,0x00000000e5c80000)
  from space 22016K, 97% used [0x00000000e8300000,0x00000000e97e1310,0x00000000e9880000)
  to   space 30720K, 0% used [0x00000000e5c80000,0x00000000e5c80000,0x00000000e7a80000)
 ParOldGen       total 116224K, used 62904K [0x0000000080000000, 0x0000000087180000, 0x00000000d5580000)
  object space 116224K, 54% used [0x0000000080000000,0x0000000083d6e2d8,0x0000000087180000)
 Metaspace       used 87525K, capacity 91940K, committed 92312K, reserved 1128448K
  class space    used 11494K, capacity 12339K, committed 12464K, reserved 1048576K
}
Event: 7381.784 GC heap before
{Heap before GC invocations=22 (full 3):
 PSYoungGen      total 291328K, used 93464K [0x00000000d5580000, 0x00000000e9880000, 0x0000000100000000)
  eden space 269312K, 26% used [0x00000000d5580000,0x00000000d9be4d38,0x00000000e5c80000)
  from space 22016K, 97% used [0x00000000e8300000,0x00000000e97e1310,0x00000000e9880000)
  to   space 30720K, 0% used [0x00000000e5c80000,0x00000000e5c80000,0x00000000e7a80000)
 ParOldGen       total 116224K, used 62904K [0x0000000080000000, 0x0000000087180000, 0x00000000d5580000)
  object space 116224K, 54% used [0x0000000080000000,0x0000000083d6e2d8,0x0000000087180000)
 Metaspace       used 89501K, capacity 94038K, committed 94360K, reserved 1130496K
  class space    used 11766K, capacity 12615K, committed 12720K, reserved 1048576K
Event: 7381.803 GC heap after
Heap after GC invocations=22 (full 3):
 PSYoungGen      total 300032K, used 18779K [0x00000000d5580000, 0x00000000e9980000, 0x0000000100000000)
  eden space 269312K, 0% used [0x00000000d5580000,0x00000000d5580000,0x00000000e5c80000)
  from space 30720K, 61% used [0x00000000e5c80000,0x00000000e6ed6ca8,0x00000000e7a80000)
  to   space 31232K, 0% used [0x00000000e7b00000,0x00000000e7b00000,0x00000000e9980000)
 ParOldGen       total 116224K, used 62912K [0x0000000080000000, 0x0000000087180000, 0x00000000d5580000)
  object space 116224K, 54% used [0x0000000080000000,0x0000000083d702d8,0x0000000087180000)
 Metaspace       used 89501K, capacity 94038K, committed 94360K, reserved 1130496K
  class space    used 11766K, capacity 12615K, committed 12720K, reserved 1048576K
}
Event: 7381.803 GC heap before
{Heap before GC invocations=23 (full 4):
 PSYoungGen      total 300032K, used 18779K [0x00000000d5580000, 0x00000000e9980000, 0x0000000100000000)
  eden space 269312K, 0% used [0x00000000d5580000,0x00000000d5580000,0x00000000e5c80000)
  from space 30720K, 61% used [0x00000000e5c80000,0x00000000e6ed6ca8,0x00000000e7a80000)
  to   space 31232K, 0% used [0x00000000e7b00000,0x00000000e7b00000,0x00000000e9980000)
 ParOldGen       total 116224K, used 62912K [0x0000000080000000, 0x0000000087180000, 0x00000000d5580000)
  object space 116224K, 54% used [0x0000000080000000,0x0000000083d702d8,0x0000000087180000)
 Metaspace       used 89501K, capacity 94038K, committed 94360K, reserved 1130496K
  class space    used 11766K, capacity 12615K, committed 12720K, reserved 1048576K
Event: 7382.365 GC heap after
Heap after GC invocations=23 (full 4):
 PSYoungGen      total 300032K, used 0K [0x00000000d5580000, 0x00000000e9980000, 0x0000000100000000)
  eden space 269312K, 0% used [0x00000000d5580000,0x00000000d5580000,0x00000000e5c80000)
  from space 30720K, 0% used [0x00000000e5c80000,0x00000000e5c80000,0x00000000e7a80000)
  to   space 31232K, 0% used [0x00000000e7b00000,0x00000000e7b00000,0x00000000e9980000)
 ParOldGen       total 116224K, used 56543K [0x0000000080000000, 0x0000000087180000, 0x00000000d5580000)
  object space 116224K, 48% used [0x0000000080000000,0x0000000083737f78,0x0000000087180000)
 Metaspace       used 89110K, capacity 93280K, committed 94360K, reserved 1130496K
  class space    used 11668K, capacity 12450K, committed 12720K, reserved 1048576K
}

