# JRE version: OpenJDK Runtime Environment (8.0_242-b01) (build 1.8.0_242-release-1644-b01)
# Java VM: OpenJDK 64-Bit Server VM (25.242-b01 mixed mode windows-amd64 compressed oops)
Heap:
 PSYoungGen      total 450560K, used 40756K [0x00000000d5580000, 0x00000000f5b80000, 0x0000000100000000)
  eden space 415232K, 2% used [0x00000000d5580000,0x00000000d5e59ad8,0x00000000eeb00000)
  from space 35328K, 89% used [0x00000000eeb00000,0x00000000f09f3530,0x00000000f0d80000)
  to   space 39424K, 0% used [0x00000000f3500000,0x00000000f3500000,0x00000000f5b80000)
 ParOldGen       total 193024K, used 46168K [0x0000000080000000, 0x000000008bc80000, 0x00000000d5580000)
  object space 193024K, 23% used [0x0000000080000000,0x0000000082d16170,0x000000008bc80000)
 Metaspace       used 105682K, capacity 110614K, committed 112280K, reserved 1146880K
  class space    used 13697K, capacity 14596K, committed 15024K, reserved 1048576K
GC Heap History (10 events):
Event: 1098.236 GC heap before
{Heap before GC invocations=20 (full 4):
 PSYoungGen      total 408064K, used 371200K [0x00000000d5580000, 0x00000000f0800000, 0x0000000100000000)
  eden space 371200K, 100% used [0x00000000d5580000,0x00000000ec000000,0x00000000ec000000)
  from space 36864K, 0% used [0x00000000ec000000,0x00000000ec000000,0x00000000ee400000)
  to   space 36352K, 0% used [0x00000000ee480000,0x00000000ee480000,0x00000000f0800000)
 ParOldGen       total 193024K, used 66678K [0x0000000080000000, 0x000000008bc80000, 0x00000000d5580000)
  object space 193024K, 34% used [0x0000000080000000,0x000000008411d958,0x000000008bc80000)
 Metaspace       used 103146K, capacity 108436K, committed 108568K, reserved 1142784K
  class space    used 13580K, capacity 14547K, committed 14640K, reserved 1048576K
Event: 1098.294 GC heap after
Heap after GC invocations=20 (full 4):
 PSYoungGen      total 407040K, used 24606K [0x00000000d5580000, 0x00000000f4d80000, 0x0000000100000000)
  eden space 370688K, 0% used [0x00000000d5580000,0x00000000d5580000,0x00000000ebf80000)
  from space 36352K, 67% used [0x00000000ee480000,0x00000000efc878e8,0x00000000f0800000)
  to   space 37888K, 0% used [0x00000000ebf80000,0x00000000ebf80000,0x00000000ee480000)
 ParOldGen       total 193024K, used 66686K [0x0000000080000000, 0x000000008bc80000, 0x00000000d5580000)
  object space 193024K, 34% used [0x0000000080000000,0x000000008411f958,0x000000008bc80000)
 Metaspace       used 103146K, capacity 108436K, committed 108568K, reserved 1142784K
  class space    used 13580K, capacity 14547K, committed 14640K, reserved 1048576K
}
Event: 4237.324 GC heap before
{Heap before GC invocations=21 (full 4):
 PSYoungGen      total 407040K, used 90009K [0x00000000d5580000, 0x00000000f4d80000, 0x0000000100000000)
  eden space 370688K, 17% used [0x00000000d5580000,0x00000000d955ecc8,0x00000000ebf80000)
  from space 36352K, 67% used [0x00000000ee480000,0x00000000efc878e8,0x00000000f0800000)
  to   space 37888K, 0% used [0x00000000ebf80000,0x00000000ebf80000,0x00000000ee480000)
 ParOldGen       total 193024K, used 66686K [0x0000000080000000, 0x000000008bc80000, 0x00000000d5580000)
  object space 193024K, 34% used [0x0000000080000000,0x000000008411f958,0x000000008bc80000)
 Metaspace       used 105650K, capacity 111024K, committed 111256K, reserved 1144832K
  class space    used 13902K, capacity 14931K, committed 15024K, reserved 1048576K
Event: 4237.508 GC heap after
Heap after GC invocations=21 (full 4):
 PSYoungGen      total 408576K, used 13959K [0x00000000d5580000, 0x00000000f4980000, 0x0000000100000000)
  eden space 370688K, 0% used [0x00000000d5580000,0x00000000d5580000,0x00000000ebf80000)
  from space 37888K, 36% used [0x00000000ebf80000,0x00000000ecd21f38,0x00000000ee480000)
  to   space 35840K, 0% used [0x00000000f2680000,0x00000000f2680000,0x00000000f4980000)
 ParOldGen       total 193024K, used 66694K [0x0000000080000000, 0x000000008bc80000, 0x00000000d5580000)
  object space 193024K, 34% used [0x0000000080000000,0x0000000084121958,0x000000008bc80000)
 Metaspace       used 105650K, capacity 111024K, committed 111256K, reserved 1144832K
  class space    used 13902K, capacity 14931K, committed 15024K, reserved 1048576K
}
Event: 4237.508 GC heap before
{Heap before GC invocations=22 (full 5):
 PSYoungGen      total 408576K, used 13959K [0x00000000d5580000, 0x00000000f4980000, 0x0000000100000000)
  eden space 370688K, 0% used [0x00000000d5580000,0x00000000d5580000,0x00000000ebf80000)
  from space 37888K, 36% used [0x00000000ebf80000,0x00000000ecd21f38,0x00000000ee480000)
  to   space 35840K, 0% used [0x00000000f2680000,0x00000000f2680000,0x00000000f4980000)
 ParOldGen       total 193024K, used 66694K [0x0000000080000000, 0x000000008bc80000, 0x00000000d5580000)
  object space 193024K, 34% used [0x0000000080000000,0x0000000084121958,0x000000008bc80000)
 Metaspace       used 105650K, capacity 111024K, committed 111256K, reserved 1144832K
  class space    used 13902K, capacity 14931K, committed 15024K, reserved 1048576K
Event: 4238.360 GC heap after
Heap after GC invocations=22 (full 5):
 PSYoungGen      total 408576K, used 0K [0x00000000d5580000, 0x00000000f4980000, 0x0000000100000000)
  eden space 370688K, 0% used [0x00000000d5580000,0x00000000d5580000,0x00000000ebf80000)
  from space 37888K, 0% used [0x00000000ebf80000,0x00000000ebf80000,0x00000000ee480000)
  to   space 35840K, 0% used [0x00000000f2680000,0x00000000f2680000,0x00000000f4980000)
 ParOldGen       total 193024K, used 46152K [0x0000000080000000, 0x000000008bc80000, 0x00000000d5580000)
  object space 193024K, 23% used [0x0000000080000000,0x0000000082d12170,0x000000008bc80000)
 Metaspace       used 103388K, capacity 107348K, committed 111256K, reserved 1144832K
  class space    used 13501K, capacity 14247K, committed 15024K, reserved 1048576K
}
Event: 4824.013 GC heap before
{Heap before GC invocations=23 (full 5):
 PSYoungGen      total 408576K, used 370688K [0x00000000d5580000, 0x00000000f4980000, 0x0000000100000000)
  eden space 370688K, 100% used [0x00000000d5580000,0x00000000ebf80000,0x00000000ebf80000)
  from space 37888K, 0% used [0x00000000ebf80000,0x00000000ebf80000,0x00000000ee480000)
  to   space 35840K, 0% used [0x00000000f2680000,0x00000000f2680000,0x00000000f4980000)
 ParOldGen       total 193024K, used 46152K [0x0000000080000000, 0x000000008bc80000, 0x00000000d5580000)
  object space 193024K, 23% used [0x0000000080000000,0x0000000082d12170,0x000000008bc80000)
 Metaspace       used 104811K, capacity 109508K, committed 111512K, reserved 1146880K
  class space    used 13659K, capacity 14529K, committed 15024K, reserved 1048576K
Event: 4824.035 GC heap after
Heap after GC invocations=23 (full 5):
 PSYoungGen      total 417792K, used 9220K [0x00000000d5580000, 0x00000000f3000000, 0x0000000100000000)
  eden space 408064K, 0% used [0x00000000d5580000,0x00000000d5580000,0x00000000ee400000)
  from space 9728K, 94% used [0x00000000f2680000,0x00000000f2f81018,0x00000000f3000000)
  to   space 35328K, 0% used [0x00000000eeb00000,0x00000000eeb00000,0x00000000f0d80000)
 ParOldGen       total 193024K, used 46160K [0x0000000080000000, 0x000000008bc80000, 0x00000000d5580000)
  object space 193024K, 23% used [0x0000000080000000,0x0000000082d14170,0x000000008bc80000)
 Metaspace       used 104811K, capacity 109508K, committed 111512K, reserved 1146880K
  class space    used 13659K, capacity 14529K, committed 15024K, reserved 1048576K
}
Event: 4836.305 GC heap before
{Heap before GC invocations=24 (full 5):
 PSYoungGen      total 417792K, used 417284K [0x00000000d5580000, 0x00000000f3000000, 0x0000000100000000)
  eden space 408064K, 100% used [0x00000000d5580000,0x00000000ee400000,0x00000000ee400000)
  from space 9728K, 94% used [0x00000000f2680000,0x00000000f2f81018,0x00000000f3000000)
  to   space 35328K, 0% used [0x00000000eeb00000,0x00000000eeb00000,0x00000000f0d80000)
 ParOldGen       total 193024K, used 46160K [0x0000000080000000, 0x000000008bc80000, 0x00000000d5580000)
  object space 193024K, 23% used [0x0000000080000000,0x0000000082d14170,0x000000008bc80000)
 Metaspace       used 105676K, capacity 110614K, committed 112280K, reserved 1146880K
  class space    used 13697K, capacity 14596K, committed 15024K, reserved 1048576K
Event: 4836.391 GC heap after
Heap after GC invocations=24 (full 5):
 PSYoungGen      total 450560K, used 31693K [0x00000000d5580000, 0x00000000f5b80000, 0x0000000100000000)
  eden space 415232K, 0% used [0x00000000d5580000,0x00000000d5580000,0x00000000eeb00000)
  from space 35328K, 89% used [0x00000000eeb00000,0x00000000f09f3530,0x00000000f0d80000)
  to   space 39424K, 0% used [0x00000000f3500000,0x00000000f3500000,0x00000000f5b80000)
 ParOldGen       total 193024K, used 46168K [0x0000000080000000, 0x000000008bc80000, 0x00000000d5580000)
  object space 193024K, 23% used [0x0000000080000000,0x0000000082d16170,0x000000008bc80000)
 Metaspace       used 105676K, capacity 110614K, committed 112280K, reserved 1146880K
  class space    used 13697K, capacity 14596K, committed 15024K, reserved 1048576K
}

